Attempt to upload php file hack3.php at 2012/12/27 15:16:21
IP: ::1
HOST: localhost
BROWSER: Mozilla/5.0 (Macintosh; Intel Mac OS X 10_7_4) AppleWebKit/537.11 (KHTML, like Gecko) Chrome/23.0.1271.101 Safari/537.11
REFERER: Page was directly requested

Attempt to upload php file hack3.php at 2012/12/27 15:16:36
IP: ::1
HOST: localhost
BROWSER: Mozilla/5.0 (Macintosh; Intel Mac OS X 10_7_4) AppleWebKit/537.11 (KHTML, like Gecko) Chrome/23.0.1271.101 Safari/537.11
REFERER: Page was directly requested

FILE: hack3.phpIP: ::1
TIME: 2012/12/27 15:17:43
HOST: localhost
BROWSER: Mozilla/5.0 (Macintosh; Intel Mac OS X 10_7_4) AppleWebKit/537.11 (KHTML, like Gecko) Chrome/23.0.1271.101 Safari/537.11
REFERER: Page was directly requested

FILE: hack3.php
IP: ::1
TIME: 2012/12/27 15:17:54
HOST: localhost
BROWSER: Mozilla/5.0 (Macintosh; Intel Mac OS X 10_7_4) AppleWebKit/537.11 (KHTML, like Gecko) Chrome/23.0.1271.101 Safari/537.11
REFERER: Page was directly requested

FILE:     		hack3.php
IP:      		::1
TIME:    		2012/12/27 15:18:33
HOST:    		localhost
BROWSER: 		Mozilla/5.0 (Macintosh; Intel Mac OS X 10_7_4) AppleWebKit/537.11 (KHTML, like Gecko) Chrome/23.0.1271.101 Safari/537.11
REFERER: 		Page was directly requested

FILE:    	hack3.php
IP:      	::1
TIME:    	2012/12/27 15:18:46
HOST:    	localhost
BROWSER: 	Mozilla/5.0 (Macintosh; Intel Mac OS X 10_7_4) AppleWebKit/537.11 (KHTML, like Gecko) Chrome/23.0.1271.101 Safari/537.11
REFERER: 	Page was directly requested

FILE:    	hack3.php
IP:      	::1
TIME:    	2012/12/27 15:19:11
HOST:    	localhost
BROWSER: 	Mozilla/5.0 (Macintosh; Intel Mac OS X 10_7_4) AppleWebKit/537.11 (KHTML, like Gecko) Chrome/23.0.1271.101 Safari/537.11
REFERER: 	Direct request

FILE:    	hack3.php
IP:      	::1
TIME:    	2012/12/27 15:19:41
HOST:    	localhost
REFERER: 	Direct requestBROWSER: 	Mozilla/5.0 (Macintosh; Intel Mac OS X 10_7_4) AppleWebKit/537.11 (KHTML, like Gecko) Chrome/23.0.1271.101 Safari/537.11

FILE:    	hack3.php
IP:      	::1
TIME:    	2012/12/27 15:19:57
HOST:    	localhost
REFERER: 	Direct request
BROWSER: 	Mozilla/5.0 (Macintosh; Intel Mac OS X 10_7_4) AppleWebKit/537.11 (KHTML, like Gecko) Chrome/23.0.1271.101 Safari/537.11

FILE:    	hack3.php
IP:      	::1
TIME:    	15:20:25 12.27.2012
HOST:    	localhost
REFERER: 	Direct request
BROWSER: 	Mozilla/5.0 (Macintosh; Intel Mac OS X 10_7_4) AppleWebKit/537.11 (KHTML, like Gecko) Chrome/23.0.1271.101 Safari/537.11

FILE:    	hack3.php
IP:      	::1
TIME:    	15:24:53 12.27.2012 America/Los_Angeles
HOST:    	localhost
REFERER: 	Direct request
BROWSER: 	Mozilla/5.0 (Macintosh; Intel Mac OS X 10_7_4) AppleWebKit/537.11 (KHTML, like Gecko) Chrome/23.0.1271.101 Safari/537.11

FILE:    	hack2.php
IP:      	::1
TIME:    	19:32:39 12.27.2012 America/Los_Angeles
HOST:    	localhost
REFERER: 	Direct request
BROWSER: 	Mozilla/5.0 (Macintosh; Intel Mac OS X 10_7_4) AppleWebKit/537.11 (KHTML, like Gecko) Chrome/23.0.1271.101 Safari/537.11

